Analysis & Elaboration report for toplevel
Thu Nov 09 11:34:13 2023
Quartus Prime Version 20.1.0 Build 711 06/05/2020 SJ Lite Edition


---------------------
; Table of Contents ;
---------------------
  1. Legal Notice
  2. Analysis & Elaboration Summary
  3. Parallel Compilation
  4. Parameter Settings for User Entity Instance: Top-level Entity: |toplevel
  5. Parameter Settings for User Entity Instance: cpu:CPU
  6. Parameter Settings for User Entity Instance: cpu:CPU|muxGenerico2x1:MUX1_ULA
  7. Parameter Settings for User Entity Instance: cpu:CPU|bancoRegistradoresArqRegMem:REG_BANK
  8. Parameter Settings for User Entity Instance: cpu:CPU|registradorGenerico:PC
  9. Parameter Settings for User Entity Instance: cpu:CPU|somaConstante:incrementaPC
 10. Parameter Settings for User Entity Instance: cpu:CPU|ULASomaSub:ULA1
 11. Parameter Settings for User Entity Instance: cpu:CPU|muxGenerico4x1:MuxProxPC
 12. Parameter Settings for User Entity Instance: cpu:CPU|registradorGenerico:REG_RETORNO
 13. Parameter Settings for User Entity Instance: divisorGenerico_e_Interface:DIVISOR_SEC
 14. Parameter Settings for User Entity Instance: divisorGenerico_e_Interface:DIVISOR_SEC|divisorGenerico:baseTempo
 15. Parameter Settings for User Entity Instance: divisorGenerico_e_Interface:DIVISOR_FF
 16. Parameter Settings for User Entity Instance: divisorGenerico_e_Interface:DIVISOR_FF|divisorGenerico:baseTempo
 17. Parameter Settings for User Entity Instance: muxGenerico2x1OneBit:MUX_DIVISOR
 18. Parameter Settings for User Entity Instance: memoriaROM:ROM1
 19. Parameter Settings for User Entity Instance: memoriaRAM:RAM1
 20. Parameter Settings for User Entity Instance: registradorGenerico:REG_LEDR7downto0
 21. Parameter Settings for User Entity Instance: registradorGenerico:REG_H0
 22. Parameter Settings for User Entity Instance: registradorGenerico:REG_H1
 23. Parameter Settings for User Entity Instance: registradorGenerico:REG_H2
 24. Parameter Settings for User Entity Instance: registradorGenerico:REG_H3
 25. Parameter Settings for User Entity Instance: registradorGenerico:REG_H4
 26. Parameter Settings for User Entity Instance: registradorGenerico:REG_H5
 27. Analysis & Elaboration Settings
 28. Port Connectivity Checks: "FlipFlop:FFK1"
 29. Port Connectivity Checks: "FlipFlop:FFK0"
 30. Port Connectivity Checks: "buffer_3_state_1porta:Buff_KEY17"
 31. Port Connectivity Checks: "buffer_3_state_1porta:Buff_KEY16"
 32. Port Connectivity Checks: "buffer_3_state_1porta:Buff_KEY15"
 33. Port Connectivity Checks: "buffer_3_state_1porta:Buff_KEY14"
 34. Port Connectivity Checks: "buffer_3_state_1porta:Buff_KEY13"
 35. Port Connectivity Checks: "buffer_3_state_1porta:Buff_KEY12"
 36. Port Connectivity Checks: "buffer_3_state_1porta:Buff_KEY11"
 37. Port Connectivity Checks: "buffer_3_state_1porta:Buff_KEY07"
 38. Port Connectivity Checks: "buffer_3_state_1porta:Buff_KEY06"
 39. Port Connectivity Checks: "buffer_3_state_1porta:Buff_KEY05"
 40. Port Connectivity Checks: "buffer_3_state_1porta:Buff_KEY04"
 41. Port Connectivity Checks: "buffer_3_state_1porta:Buff_KEY03"
 42. Port Connectivity Checks: "buffer_3_state_1porta:Buff_KEY02"
 43. Port Connectivity Checks: "buffer_3_state_1porta:Buff_KEY01"
 44. Port Connectivity Checks: "buffer_3_state_1porta:Buff_SW8"
 45. Port Connectivity Checks: "conversorHex7Seg:DEC_H5"
 46. Port Connectivity Checks: "registradorGenerico:REG_H5"
 47. Port Connectivity Checks: "conversorHex7Seg:DEC_H4"
 48. Port Connectivity Checks: "registradorGenerico:REG_H4"
 49. Port Connectivity Checks: "conversorHex7Seg:DEC_H3"
 50. Port Connectivity Checks: "registradorGenerico:REG_H3"
 51. Port Connectivity Checks: "conversorHex7Seg:DEC_H2"
 52. Port Connectivity Checks: "registradorGenerico:REG_H2"
 53. Port Connectivity Checks: "conversorHex7Seg:DEC_H1"
 54. Port Connectivity Checks: "registradorGenerico:REG_H1"
 55. Port Connectivity Checks: "conversorHex7Seg:DEC_H0"
 56. Port Connectivity Checks: "registradorGenerico:REG_H0"
 57. Port Connectivity Checks: "registradorGenerico:REG_LEDR7downto0"
 58. Port Connectivity Checks: "FlipFlop:FF_LEDR8"
 59. Port Connectivity Checks: "FlipFlop:FF_LEDR9"
 60. Port Connectivity Checks: "decoder3x8:DEC_Address"
 61. Port Connectivity Checks: "decoder3x8:DEC_BLOCK"
 62. Port Connectivity Checks: "divisorGenerico_e_Interface:DIVISOR_FF|FlipFlop:registraUmSegundo"
 63. Port Connectivity Checks: "divisorGenerico_e_Interface:DIVISOR_SEC|FlipFlop:registraUmSegundo"
 64. Port Connectivity Checks: "cpu:CPU|registradorGenerico:REG_RETORNO"
 65. Port Connectivity Checks: "cpu:CPU|FlipFlop:FlagZero"
 66. Port Connectivity Checks: "cpu:CPU|muxGenerico4x1:MuxProxPC"
 67. Port Connectivity Checks: "cpu:CPU|registradorGenerico:PC"
 68. Port Connectivity Checks: "cpu:CPU"
 69. Analysis & Elaboration Messages



----------------
; Legal Notice ;
----------------
Copyright (C) 2020  Intel Corporation. All rights reserved.
Your use of Intel Corporation's design tools, logic functions 
and other software and tools, and any partner logic 
functions, and any output files from any of the foregoing 
(including device programming or simulation files), and any 
associated documentation or information are expressly subject 
to the terms and conditions of the Intel Program License 
Subscription Agreement, the Intel Quartus Prime License Agreement,
the Intel FPGA IP License Agreement, or other applicable license
agreement, including, without limitation, that your use is for
the sole purpose of programming logic devices manufactured by
Intel and sold by Intel or its authorized distributors.  Please
refer to the applicable agreement for further details, at
https://fpgasoftware.intel.com/eula.



+-----------------------------------------------------------------------------+
; Analysis & Elaboration Summary                                              ;
+-------------------------------+---------------------------------------------+
; Analysis & Elaboration Status ; Successful - Thu Nov 09 11:34:13 2023       ;
; Quartus Prime Version         ; 20.1.0 Build 711 06/05/2020 SJ Lite Edition ;
; Revision Name                 ; toplevel                                    ;
; Top-level Entity Name         ; toplevel                                    ;
; Family                        ; Cyclone V                                   ;
; Logic utilization (in ALMs)   ; N/A until Partition Merge                   ;
; Total registers               ; N/A until Partition Merge                   ;
; Total pins                    ; N/A until Partition Merge                   ;
; Total virtual pins            ; N/A until Partition Merge                   ;
; Total block memory bits       ; N/A until Partition Merge                   ;
; Total PLLs                    ; N/A until Partition Merge                   ;
; Total DLLs                    ; N/A until Partition Merge                   ;
+-------------------------------+---------------------------------------------+


+------------------------------------------+
; Parallel Compilation                     ;
+----------------------------+-------------+
; Processors                 ; Number      ;
+----------------------------+-------------+
; Number detected on machine ; 20          ;
; Maximum allowed            ; 14          ;
;                            ;             ;
; Average used               ; 1.00        ;
; Maximum used               ; 1           ;
;                            ;             ;
; Usage by Processor         ; % Time Used ;
;     Processor 1            ; 100.0%      ;
+----------------------------+-------------+


+--------------------------------------------------------------------------+
; Parameter Settings for User Entity Instance: Top-level Entity: |toplevel ;
+------------------+-------+-----------------------------------------------+
; Parameter Name   ; Value ; Type                                          ;
+------------------+-------+-----------------------------------------------+
; larguraDados     ; 8     ; Signed Integer                                ;
; larguraEnderecos ; 9     ; Signed Integer                                ;
; simulacao        ; false ; Enumerated                                    ;
+------------------+-------+-----------------------------------------------+
Note: In order to hide this table in the UI and the text report file, please set the "Show Parameter Settings in Synthesis Report" option in "Analysis and Synthesis Settings -> More Settings" to "Off".


+------------------------------------------------------+
; Parameter Settings for User Entity Instance: cpu:CPU ;
+------------------+-------+---------------------------+
; Parameter Name   ; Value ; Type                      ;
+------------------+-------+---------------------------+
; larguradados     ; 8     ; Signed Integer            ;
; larguraenderecos ; 9     ; Signed Integer            ;
; simulacao        ; true  ; Enumerated                ;
+------------------+-------+---------------------------+
Note: In order to hide this table in the UI and the text report file, please set the "Show Parameter Settings in Synthesis Report" option in "Analysis and Synthesis Settings -> More Settings" to "Off".


+------------------------------------------------------------------------------+
; Parameter Settings for User Entity Instance: cpu:CPU|muxGenerico2x1:MUX1_ULA ;
+----------------+-------+-----------------------------------------------------+
; Parameter Name ; Value ; Type                                                ;
+----------------+-------+-----------------------------------------------------+
; larguradados   ; 8     ; Signed Integer                                      ;
+----------------+-------+-----------------------------------------------------+
Note: In order to hide this table in the UI and the text report file, please set the "Show Parameter Settings in Synthesis Report" option in "Analysis and Synthesis Settings -> More Settings" to "Off".


+-------------------------------------------------------------------------------------------+
; Parameter Settings for User Entity Instance: cpu:CPU|bancoRegistradoresArqRegMem:REG_BANK ;
+---------------------+-------+-------------------------------------------------------------+
; Parameter Name      ; Value ; Type                                                        ;
+---------------------+-------+-------------------------------------------------------------+
; larguradados        ; 8     ; Signed Integer                                              ;
; larguraendbancoregs ; 2     ; Signed Integer                                              ;
+---------------------+-------+-------------------------------------------------------------+
Note: In order to hide this table in the UI and the text report file, please set the "Show Parameter Settings in Synthesis Report" option in "Analysis and Synthesis Settings -> More Settings" to "Off".


+-----------------------------------------------------------------------------+
; Parameter Settings for User Entity Instance: cpu:CPU|registradorGenerico:PC ;
+----------------+-------+----------------------------------------------------+
; Parameter Name ; Value ; Type                                               ;
+----------------+-------+----------------------------------------------------+
; larguradados   ; 9     ; Signed Integer                                     ;
+----------------+-------+----------------------------------------------------+
Note: In order to hide this table in the UI and the text report file, please set the "Show Parameter Settings in Synthesis Report" option in "Analysis and Synthesis Settings -> More Settings" to "Off".


+---------------------------------------------------------------------------------+
; Parameter Settings for User Entity Instance: cpu:CPU|somaConstante:incrementaPC ;
+----------------+-------+--------------------------------------------------------+
; Parameter Name ; Value ; Type                                                   ;
+----------------+-------+--------------------------------------------------------+
; larguradados   ; 9     ; Signed Integer                                         ;
; constante      ; 1     ; Signed Integer                                         ;
+----------------+-------+--------------------------------------------------------+
Note: In order to hide this table in the UI and the text report file, please set the "Show Parameter Settings in Synthesis Report" option in "Analysis and Synthesis Settings -> More Settings" to "Off".


+----------------------------------------------------------------------+
; Parameter Settings for User Entity Instance: cpu:CPU|ULASomaSub:ULA1 ;
+----------------+-------+---------------------------------------------+
; Parameter Name ; Value ; Type                                        ;
+----------------+-------+---------------------------------------------+
; larguradados   ; 8     ; Signed Integer                              ;
+----------------+-------+---------------------------------------------+
Note: In order to hide this table in the UI and the text report file, please set the "Show Parameter Settings in Synthesis Report" option in "Analysis and Synthesis Settings -> More Settings" to "Off".


+-------------------------------------------------------------------------------+
; Parameter Settings for User Entity Instance: cpu:CPU|muxGenerico4x1:MuxProxPC ;
+----------------+-------+------------------------------------------------------+
; Parameter Name ; Value ; Type                                                 ;
+----------------+-------+------------------------------------------------------+
; larguradados   ; 9     ; Signed Integer                                       ;
+----------------+-------+------------------------------------------------------+
Note: In order to hide this table in the UI and the text report file, please set the "Show Parameter Settings in Synthesis Report" option in "Analysis and Synthesis Settings -> More Settings" to "Off".


+--------------------------------------------------------------------------------------+
; Parameter Settings for User Entity Instance: cpu:CPU|registradorGenerico:REG_RETORNO ;
+----------------+-------+-------------------------------------------------------------+
; Parameter Name ; Value ; Type                                                        ;
+----------------+-------+-------------------------------------------------------------+
; larguradados   ; 9     ; Signed Integer                                              ;
+----------------+-------+-------------------------------------------------------------+
Note: In order to hide this table in the UI and the text report file, please set the "Show Parameter Settings in Synthesis Report" option in "Analysis and Synthesis Settings -> More Settings" to "Off".


+--------------------------------------------------------------------------------------+
; Parameter Settings for User Entity Instance: divisorGenerico_e_Interface:DIVISOR_SEC ;
+----------------+----------+----------------------------------------------------------+
; Parameter Name ; Value    ; Type                                                     ;
+----------------+----------+----------------------------------------------------------+
; div_value      ; 25000000 ; Signed Integer                                           ;
+----------------+----------+----------------------------------------------------------+
Note: In order to hide this table in the UI and the text report file, please set the "Show Parameter Settings in Synthesis Report" option in "Analysis and Synthesis Settings -> More Settings" to "Off".


+----------------------------------------------------------------------------------------------------------------+
; Parameter Settings for User Entity Instance: divisorGenerico_e_Interface:DIVISOR_SEC|divisorGenerico:baseTempo ;
+----------------+----------+------------------------------------------------------------------------------------+
; Parameter Name ; Value    ; Type                                                                               ;
+----------------+----------+------------------------------------------------------------------------------------+
; divisor        ; 25000000 ; Signed Integer                                                                     ;
+----------------+----------+------------------------------------------------------------------------------------+
Note: In order to hide this table in the UI and the text report file, please set the "Show Parameter Settings in Synthesis Report" option in "Analysis and Synthesis Settings -> More Settings" to "Off".


+-------------------------------------------------------------------------------------+
; Parameter Settings for User Entity Instance: divisorGenerico_e_Interface:DIVISOR_FF ;
+----------------+-------+------------------------------------------------------------+
; Parameter Name ; Value ; Type                                                       ;
+----------------+-------+------------------------------------------------------------+
; div_value      ; 5000  ; Signed Integer                                             ;
+----------------+-------+------------------------------------------------------------+
Note: In order to hide this table in the UI and the text report file, please set the "Show Parameter Settings in Synthesis Report" option in "Analysis and Synthesis Settings -> More Settings" to "Off".


+---------------------------------------------------------------------------------------------------------------+
; Parameter Settings for User Entity Instance: divisorGenerico_e_Interface:DIVISOR_FF|divisorGenerico:baseTempo ;
+----------------+-------+--------------------------------------------------------------------------------------+
; Parameter Name ; Value ; Type                                                                                 ;
+----------------+-------+--------------------------------------------------------------------------------------+
; divisor        ; 5000  ; Signed Integer                                                                       ;
+----------------+-------+--------------------------------------------------------------------------------------+
Note: In order to hide this table in the UI and the text report file, please set the "Show Parameter Settings in Synthesis Report" option in "Analysis and Synthesis Settings -> More Settings" to "Off".


+-------------------------------------------------------------------------------+
; Parameter Settings for User Entity Instance: muxGenerico2x1OneBit:MUX_DIVISOR ;
+----------------+-------+------------------------------------------------------+
; Parameter Name ; Value ; Type                                                 ;
+----------------+-------+------------------------------------------------------+
; larguradados   ; 1     ; Signed Integer                                       ;
+----------------+-------+------------------------------------------------------+
Note: In order to hide this table in the UI and the text report file, please set the "Show Parameter Settings in Synthesis Report" option in "Analysis and Synthesis Settings -> More Settings" to "Off".


+--------------------------------------------------------------+
; Parameter Settings for User Entity Instance: memoriaROM:ROM1 ;
+----------------+-------+-------------------------------------+
; Parameter Name ; Value ; Type                                ;
+----------------+-------+-------------------------------------+
; datawidth      ; 15    ; Signed Integer                      ;
; addrwidth      ; 9     ; Signed Integer                      ;
+----------------+-------+-------------------------------------+
Note: In order to hide this table in the UI and the text report file, please set the "Show Parameter Settings in Synthesis Report" option in "Analysis and Synthesis Settings -> More Settings" to "Off".


+--------------------------------------------------------------+
; Parameter Settings for User Entity Instance: memoriaRAM:RAM1 ;
+----------------+-------+-------------------------------------+
; Parameter Name ; Value ; Type                                ;
+----------------+-------+-------------------------------------+
; datawidth      ; 8     ; Signed Integer                      ;
; addrwidth      ; 6     ; Signed Integer                      ;
+----------------+-------+-------------------------------------+
Note: In order to hide this table in the UI and the text report file, please set the "Show Parameter Settings in Synthesis Report" option in "Analysis and Synthesis Settings -> More Settings" to "Off".


+-----------------------------------------------------------------------------------+
; Parameter Settings for User Entity Instance: registradorGenerico:REG_LEDR7downto0 ;
+----------------+-------+----------------------------------------------------------+
; Parameter Name ; Value ; Type                                                     ;
+----------------+-------+----------------------------------------------------------+
; larguradados   ; 8     ; Signed Integer                                           ;
+----------------+-------+----------------------------------------------------------+
Note: In order to hide this table in the UI and the text report file, please set the "Show Parameter Settings in Synthesis Report" option in "Analysis and Synthesis Settings -> More Settings" to "Off".


+-------------------------------------------------------------------------+
; Parameter Settings for User Entity Instance: registradorGenerico:REG_H0 ;
+----------------+-------+------------------------------------------------+
; Parameter Name ; Value ; Type                                           ;
+----------------+-------+------------------------------------------------+
; larguradados   ; 4     ; Signed Integer                                 ;
+----------------+-------+------------------------------------------------+
Note: In order to hide this table in the UI and the text report file, please set the "Show Parameter Settings in Synthesis Report" option in "Analysis and Synthesis Settings -> More Settings" to "Off".


+-------------------------------------------------------------------------+
; Parameter Settings for User Entity Instance: registradorGenerico:REG_H1 ;
+----------------+-------+------------------------------------------------+
; Parameter Name ; Value ; Type                                           ;
+----------------+-------+------------------------------------------------+
; larguradados   ; 4     ; Signed Integer                                 ;
+----------------+-------+------------------------------------------------+
Note: In order to hide this table in the UI and the text report file, please set the "Show Parameter Settings in Synthesis Report" option in "Analysis and Synthesis Settings -> More Settings" to "Off".


+-------------------------------------------------------------------------+
; Parameter Settings for User Entity Instance: registradorGenerico:REG_H2 ;
+----------------+-------+------------------------------------------------+
; Parameter Name ; Value ; Type                                           ;
+----------------+-------+------------------------------------------------+
; larguradados   ; 4     ; Signed Integer                                 ;
+----------------+-------+------------------------------------------------+
Note: In order to hide this table in the UI and the text report file, please set the "Show Parameter Settings in Synthesis Report" option in "Analysis and Synthesis Settings -> More Settings" to "Off".


+-------------------------------------------------------------------------+
; Parameter Settings for User Entity Instance: registradorGenerico:REG_H3 ;
+----------------+-------+------------------------------------------------+
; Parameter Name ; Value ; Type                                           ;
+----------------+-------+------------------------------------------------+
; larguradados   ; 4     ; Signed Integer                                 ;
+----------------+-------+------------------------------------------------+
Note: In order to hide this table in the UI and the text report file, please set the "Show Parameter Settings in Synthesis Report" option in "Analysis and Synthesis Settings -> More Settings" to "Off".


+-------------------------------------------------------------------------+
; Parameter Settings for User Entity Instance: registradorGenerico:REG_H4 ;
+----------------+-------+------------------------------------------------+
; Parameter Name ; Value ; Type                                           ;
+----------------+-------+------------------------------------------------+
; larguradados   ; 4     ; Signed Integer                                 ;
+----------------+-------+------------------------------------------------+
Note: In order to hide this table in the UI and the text report file, please set the "Show Parameter Settings in Synthesis Report" option in "Analysis and Synthesis Settings -> More Settings" to "Off".


+-------------------------------------------------------------------------+
; Parameter Settings for User Entity Instance: registradorGenerico:REG_H5 ;
+----------------+-------+------------------------------------------------+
; Parameter Name ; Value ; Type                                           ;
+----------------+-------+------------------------------------------------+
; larguradados   ; 4     ; Signed Integer                                 ;
+----------------+-------+------------------------------------------------+
Note: In order to hide this table in the UI and the text report file, please set the "Show Parameter Settings in Synthesis Report" option in "Analysis and Synthesis Settings -> More Settings" to "Off".


+---------------------------------------------------------------------------------------------------------------------------+
; Analysis & Elaboration Settings                                                                                           ;
+---------------------------------------------------------------------------------+--------------------+--------------------+
; Option                                                                          ; Setting            ; Default Value      ;
+---------------------------------------------------------------------------------+--------------------+--------------------+
; Device                                                                          ; 5CEBA4F23C7        ;                    ;
; Top-level entity name                                                           ; toplevel           ; toplevel           ;
; Family name                                                                     ; Cyclone V          ; Cyclone V          ;
; Maximum processors allowed for parallel compilation                             ; All                ;                    ;
; VHDL Show LMF Mapping Messages                                                  ; Off                ;                    ;
; VHDL Version                                                                    ; VHDL_2008          ; VHDL_1993          ;
; Use smart compilation                                                           ; Off                ; Off                ;
; Enable parallel Assembler and Timing Analyzer during compilation                ; On                 ; On                 ;
; Enable compact report table                                                     ; Off                ; Off                ;
; Restructure Multiplexers                                                        ; Auto               ; Auto               ;
; MLAB Add Timing Constraints For Mixed-Port Feed-Through Mode Setting Don't Care ; Off                ; Off                ;
; Create Debugging Nodes for IP Cores                                             ; Off                ; Off                ;
; Preserve fewer node names                                                       ; On                 ; On                 ;
; Intel FPGA IP Evaluation Mode                                                   ; Enable             ; Enable             ;
; Verilog Version                                                                 ; Verilog_2001       ; Verilog_2001       ;
; State Machine Processing                                                        ; Auto               ; Auto               ;
; Safe State Machine                                                              ; Off                ; Off                ;
; Extract Verilog State Machines                                                  ; On                 ; On                 ;
; Extract VHDL State Machines                                                     ; On                 ; On                 ;
; Ignore Verilog initial constructs                                               ; Off                ; Off                ;
; Iteration limit for constant Verilog loops                                      ; 5000               ; 5000               ;
; Iteration limit for non-constant Verilog loops                                  ; 250                ; 250                ;
; Add Pass-Through Logic to Inferred RAMs                                         ; On                 ; On                 ;
; Infer RAMs from Raw Logic                                                       ; On                 ; On                 ;
; Parallel Synthesis                                                              ; On                 ; On                 ;
; DSP Block Balancing                                                             ; Auto               ; Auto               ;
; NOT Gate Push-Back                                                              ; On                 ; On                 ;
; Power-Up Don't Care                                                             ; On                 ; On                 ;
; Remove Redundant Logic Cells                                                    ; Off                ; Off                ;
; Remove Duplicate Registers                                                      ; On                 ; On                 ;
; Ignore CARRY Buffers                                                            ; Off                ; Off                ;
; Ignore CASCADE Buffers                                                          ; Off                ; Off                ;
; Ignore GLOBAL Buffers                                                           ; Off                ; Off                ;
; Ignore ROW GLOBAL Buffers                                                       ; Off                ; Off                ;
; Ignore LCELL Buffers                                                            ; Off                ; Off                ;
; Ignore SOFT Buffers                                                             ; On                 ; On                 ;
; Limit AHDL Integers to 32 Bits                                                  ; Off                ; Off                ;
; Optimization Technique                                                          ; Balanced           ; Balanced           ;
; Carry Chain Length                                                              ; 70                 ; 70                 ;
; Auto Carry Chains                                                               ; On                 ; On                 ;
; Auto Open-Drain Pins                                                            ; On                 ; On                 ;
; Perform WYSIWYG Primitive Resynthesis                                           ; Off                ; Off                ;
; Auto ROM Replacement                                                            ; On                 ; On                 ;
; Auto RAM Replacement                                                            ; On                 ; On                 ;
; Auto DSP Block Replacement                                                      ; On                 ; On                 ;
; Auto Shift Register Replacement                                                 ; Auto               ; Auto               ;
; Allow Shift Register Merging across Hierarchies                                 ; Auto               ; Auto               ;
; Auto Clock Enable Replacement                                                   ; On                 ; On                 ;
; Strict RAM Replacement                                                          ; Off                ; Off                ;
; Allow Synchronous Control Signals                                               ; On                 ; On                 ;
; Force Use of Synchronous Clear Signals                                          ; Off                ; Off                ;
; Auto Resource Sharing                                                           ; Off                ; Off                ;
; Allow Any RAM Size For Recognition                                              ; Off                ; Off                ;
; Allow Any ROM Size For Recognition                                              ; Off                ; Off                ;
; Allow Any Shift Register Size For Recognition                                   ; Off                ; Off                ;
; Use LogicLock Constraints during Resource Balancing                             ; On                 ; On                 ;
; Ignore translate_off and synthesis_off directives                               ; Off                ; Off                ;
; Timing-Driven Synthesis                                                         ; On                 ; On                 ;
; Report Parameter Settings                                                       ; On                 ; On                 ;
; Report Source Assignments                                                       ; On                 ; On                 ;
; Report Connectivity Checks                                                      ; On                 ; On                 ;
; Ignore Maximum Fan-Out Assignments                                              ; Off                ; Off                ;
; Synchronization Register Chain Length                                           ; 3                  ; 3                  ;
; Power Optimization During Synthesis                                             ; Normal compilation ; Normal compilation ;
; HDL message level                                                               ; Level2             ; Level2             ;
; Suppress Register Optimization Related Messages                                 ; Off                ; Off                ;
; Number of Removed Registers Reported in Synthesis Report                        ; 5000               ; 5000               ;
; Number of Swept Nodes Reported in Synthesis Report                              ; 5000               ; 5000               ;
; Number of Inverted Registers Reported in Synthesis Report                       ; 100                ; 100                ;
; Clock MUX Protection                                                            ; On                 ; On                 ;
; Auto Gated Clock Conversion                                                     ; Off                ; Off                ;
; Block Design Naming                                                             ; Auto               ; Auto               ;
; SDC constraint protection                                                       ; Off                ; Off                ;
; Synthesis Effort                                                                ; Auto               ; Auto               ;
; Shift Register Replacement - Allow Asynchronous Clear Signal                    ; On                 ; On                 ;
; Pre-Mapping Resynthesis Optimization                                            ; Off                ; Off                ;
; Analysis & Synthesis Message Level                                              ; Medium             ; Medium             ;
; Disable Register Merging Across Hierarchies                                     ; Auto               ; Auto               ;
; Resource Aware Inference For Block RAM                                          ; On                 ; On                 ;
; Automatic Parallel Synthesis                                                    ; On                 ; On                 ;
; Partial Reconfiguration Bitstream ID                                            ; Off                ; Off                ;
+---------------------------------------------------------------------------------+--------------------+--------------------+


+-------------------------------------------+
; Port Connectivity Checks: "FlipFlop:FFK1" ;
+--------+-------+----------+---------------+
; Port   ; Type  ; Severity ; Details       ;
+--------+-------+----------+---------------+
; din    ; Input ; Info     ; Stuck at VCC  ;
; enable ; Input ; Info     ; Stuck at VCC  ;
+--------+-------+----------+---------------+


+-------------------------------------------+
; Port Connectivity Checks: "FlipFlop:FFK0" ;
+--------+-------+----------+---------------+
; Port   ; Type  ; Severity ; Details       ;
+--------+-------+----------+---------------+
; din    ; Input ; Info     ; Stuck at VCC  ;
; enable ; Input ; Info     ; Stuck at VCC  ;
+--------+-------+----------+---------------+


+--------------------------------------------------------------+
; Port Connectivity Checks: "buffer_3_state_1porta:Buff_KEY17" ;
+---------+-------+----------+---------------------------------+
; Port    ; Type  ; Severity ; Details                         ;
+---------+-------+----------+---------------------------------+
; entrada ; Input ; Info     ; Stuck at GND                    ;
+---------+-------+----------+---------------------------------+


+--------------------------------------------------------------+
; Port Connectivity Checks: "buffer_3_state_1porta:Buff_KEY16" ;
+---------+-------+----------+---------------------------------+
; Port    ; Type  ; Severity ; Details                         ;
+---------+-------+----------+---------------------------------+
; entrada ; Input ; Info     ; Stuck at GND                    ;
+---------+-------+----------+---------------------------------+


+--------------------------------------------------------------+
; Port Connectivity Checks: "buffer_3_state_1porta:Buff_KEY15" ;
+---------+-------+----------+---------------------------------+
; Port    ; Type  ; Severity ; Details                         ;
+---------+-------+----------+---------------------------------+
; entrada ; Input ; Info     ; Stuck at GND                    ;
+---------+-------+----------+---------------------------------+


+--------------------------------------------------------------+
; Port Connectivity Checks: "buffer_3_state_1porta:Buff_KEY14" ;
+---------+-------+----------+---------------------------------+
; Port    ; Type  ; Severity ; Details                         ;
+---------+-------+----------+---------------------------------+
; entrada ; Input ; Info     ; Stuck at GND                    ;
+---------+-------+----------+---------------------------------+


+--------------------------------------------------------------+
; Port Connectivity Checks: "buffer_3_state_1porta:Buff_KEY13" ;
+---------+-------+----------+---------------------------------+
; Port    ; Type  ; Severity ; Details                         ;
+---------+-------+----------+---------------------------------+
; entrada ; Input ; Info     ; Stuck at GND                    ;
+---------+-------+----------+---------------------------------+


+--------------------------------------------------------------+
; Port Connectivity Checks: "buffer_3_state_1porta:Buff_KEY12" ;
+---------+-------+----------+---------------------------------+
; Port    ; Type  ; Severity ; Details                         ;
+---------+-------+----------+---------------------------------+
; entrada ; Input ; Info     ; Stuck at GND                    ;
+---------+-------+----------+---------------------------------+


+--------------------------------------------------------------+
; Port Connectivity Checks: "buffer_3_state_1porta:Buff_KEY11" ;
+---------+-------+----------+---------------------------------+
; Port    ; Type  ; Severity ; Details                         ;
+---------+-------+----------+---------------------------------+
; entrada ; Input ; Info     ; Stuck at GND                    ;
+---------+-------+----------+---------------------------------+


+--------------------------------------------------------------+
; Port Connectivity Checks: "buffer_3_state_1porta:Buff_KEY07" ;
+---------+-------+----------+---------------------------------+
; Port    ; Type  ; Severity ; Details                         ;
+---------+-------+----------+---------------------------------+
; entrada ; Input ; Info     ; Stuck at GND                    ;
+---------+-------+----------+---------------------------------+


+--------------------------------------------------------------+
; Port Connectivity Checks: "buffer_3_state_1porta:Buff_KEY06" ;
+---------+-------+----------+---------------------------------+
; Port    ; Type  ; Severity ; Details                         ;
+---------+-------+----------+---------------------------------+
; entrada ; Input ; Info     ; Stuck at GND                    ;
+---------+-------+----------+---------------------------------+


+--------------------------------------------------------------+
; Port Connectivity Checks: "buffer_3_state_1porta:Buff_KEY05" ;
+---------+-------+----------+---------------------------------+
; Port    ; Type  ; Severity ; Details                         ;
+---------+-------+----------+---------------------------------+
; entrada ; Input ; Info     ; Stuck at GND                    ;
+---------+-------+----------+---------------------------------+


+--------------------------------------------------------------+
; Port Connectivity Checks: "buffer_3_state_1porta:Buff_KEY04" ;
+---------+-------+----------+---------------------------------+
; Port    ; Type  ; Severity ; Details                         ;
+---------+-------+----------+---------------------------------+
; entrada ; Input ; Info     ; Stuck at GND                    ;
+---------+-------+----------+---------------------------------+


+--------------------------------------------------------------+
; Port Connectivity Checks: "buffer_3_state_1porta:Buff_KEY03" ;
+---------+-------+----------+---------------------------------+
; Port    ; Type  ; Severity ; Details                         ;
+---------+-------+----------+---------------------------------+
; entrada ; Input ; Info     ; Stuck at GND                    ;
+---------+-------+----------+---------------------------------+


+--------------------------------------------------------------+
; Port Connectivity Checks: "buffer_3_state_1porta:Buff_KEY02" ;
+---------+-------+----------+---------------------------------+
; Port    ; Type  ; Severity ; Details                         ;
+---------+-------+----------+---------------------------------+
; entrada ; Input ; Info     ; Stuck at GND                    ;
+---------+-------+----------+---------------------------------+


+--------------------------------------------------------------+
; Port Connectivity Checks: "buffer_3_state_1porta:Buff_KEY01" ;
+---------+-------+----------+---------------------------------+
; Port    ; Type  ; Severity ; Details                         ;
+---------+-------+----------+---------------------------------+
; entrada ; Input ; Info     ; Stuck at GND                    ;
+---------+-------+----------+---------------------------------+


+-----------------------------------------------------------------------------------------------------------------+
; Port Connectivity Checks: "buffer_3_state_1porta:Buff_SW8"                                                      ;
+-------+--------+----------+-------------------------------------------------------------------------------------+
; Port  ; Type   ; Severity ; Details                                                                             ;
+-------+--------+----------+-------------------------------------------------------------------------------------+
; saida ; Output ; Info     ; Connected to dangling logic. Logic that only feeds a dangling port will be removed. ;
+-------+--------+----------+-------------------------------------------------------------------------------------+


+-----------------------------------------------------+
; Port Connectivity Checks: "conversorHex7Seg:DEC_H5" ;
+----------+-------+----------+-----------------------+
; Port     ; Type  ; Severity ; Details               ;
+----------+-------+----------+-----------------------+
; apaga    ; Input ; Info     ; Stuck at GND          ;
; negativo ; Input ; Info     ; Stuck at GND          ;
; overflow ; Input ; Info     ; Stuck at GND          ;
+----------+-------+----------+-----------------------+


+--------------------------------------------------------+
; Port Connectivity Checks: "registradorGenerico:REG_H5" ;
+------+-------+----------+------------------------------+
; Port ; Type  ; Severity ; Details                      ;
+------+-------+----------+------------------------------+
; rst  ; Input ; Info     ; Stuck at GND                 ;
+------+-------+----------+------------------------------+


+-----------------------------------------------------+
; Port Connectivity Checks: "conversorHex7Seg:DEC_H4" ;
+----------+-------+----------+-----------------------+
; Port     ; Type  ; Severity ; Details               ;
+----------+-------+----------+-----------------------+
; apaga    ; Input ; Info     ; Stuck at GND          ;
; negativo ; Input ; Info     ; Stuck at GND          ;
; overflow ; Input ; Info     ; Stuck at GND          ;
+----------+-------+----------+-----------------------+


+--------------------------------------------------------+
; Port Connectivity Checks: "registradorGenerico:REG_H4" ;
+------+-------+----------+------------------------------+
; Port ; Type  ; Severity ; Details                      ;
+------+-------+----------+------------------------------+
; rst  ; Input ; Info     ; Stuck at GND                 ;
+------+-------+----------+------------------------------+


+-----------------------------------------------------+
; Port Connectivity Checks: "conversorHex7Seg:DEC_H3" ;
+----------+-------+----------+-----------------------+
; Port     ; Type  ; Severity ; Details               ;
+----------+-------+----------+-----------------------+
; apaga    ; Input ; Info     ; Stuck at GND          ;
; negativo ; Input ; Info     ; Stuck at GND          ;
; overflow ; Input ; Info     ; Stuck at GND          ;
+----------+-------+----------+-----------------------+


+--------------------------------------------------------+
; Port Connectivity Checks: "registradorGenerico:REG_H3" ;
+------+-------+----------+------------------------------+
; Port ; Type  ; Severity ; Details                      ;
+------+-------+----------+------------------------------+
; rst  ; Input ; Info     ; Stuck at GND                 ;
+------+-------+----------+------------------------------+


+-----------------------------------------------------+
; Port Connectivity Checks: "conversorHex7Seg:DEC_H2" ;
+----------+-------+----------+-----------------------+
; Port     ; Type  ; Severity ; Details               ;
+----------+-------+----------+-----------------------+
; apaga    ; Input ; Info     ; Stuck at GND          ;
; negativo ; Input ; Info     ; Stuck at GND          ;
; overflow ; Input ; Info     ; Stuck at GND          ;
+----------+-------+----------+-----------------------+


+--------------------------------------------------------+
; Port Connectivity Checks: "registradorGenerico:REG_H2" ;
+------+-------+----------+------------------------------+
; Port ; Type  ; Severity ; Details                      ;
+------+-------+----------+------------------------------+
; rst  ; Input ; Info     ; Stuck at GND                 ;
+------+-------+----------+------------------------------+


+-----------------------------------------------------+
; Port Connectivity Checks: "conversorHex7Seg:DEC_H1" ;
+----------+-------+----------+-----------------------+
; Port     ; Type  ; Severity ; Details               ;
+----------+-------+----------+-----------------------+
; apaga    ; Input ; Info     ; Stuck at GND          ;
; negativo ; Input ; Info     ; Stuck at GND          ;
; overflow ; Input ; Info     ; Stuck at GND          ;
+----------+-------+----------+-----------------------+


+--------------------------------------------------------+
; Port Connectivity Checks: "registradorGenerico:REG_H1" ;
+------+-------+----------+------------------------------+
; Port ; Type  ; Severity ; Details                      ;
+------+-------+----------+------------------------------+
; rst  ; Input ; Info     ; Stuck at GND                 ;
+------+-------+----------+------------------------------+


+-----------------------------------------------------+
; Port Connectivity Checks: "conversorHex7Seg:DEC_H0" ;
+----------+-------+----------+-----------------------+
; Port     ; Type  ; Severity ; Details               ;
+----------+-------+----------+-----------------------+
; apaga    ; Input ; Info     ; Stuck at GND          ;
; negativo ; Input ; Info     ; Stuck at GND          ;
; overflow ; Input ; Info     ; Stuck at GND          ;
+----------+-------+----------+-----------------------+


+--------------------------------------------------------+
; Port Connectivity Checks: "registradorGenerico:REG_H0" ;
+------+-------+----------+------------------------------+
; Port ; Type  ; Severity ; Details                      ;
+------+-------+----------+------------------------------+
; rst  ; Input ; Info     ; Stuck at GND                 ;
+------+-------+----------+------------------------------+


+------------------------------------------------------------------+
; Port Connectivity Checks: "registradorGenerico:REG_LEDR7downto0" ;
+------+-------+----------+----------------------------------------+
; Port ; Type  ; Severity ; Details                                ;
+------+-------+----------+----------------------------------------+
; rst  ; Input ; Info     ; Stuck at GND                           ;
+------+-------+----------+----------------------------------------+


+-----------------------------------------------+
; Port Connectivity Checks: "FlipFlop:FF_LEDR8" ;
+------+-------+----------+---------------------+
; Port ; Type  ; Severity ; Details             ;
+------+-------+----------+---------------------+
; rst  ; Input ; Info     ; Stuck at GND        ;
+------+-------+----------+---------------------+


+-----------------------------------------------+
; Port Connectivity Checks: "FlipFlop:FF_LEDR9" ;
+------+-------+----------+---------------------+
; Port ; Type  ; Severity ; Details             ;
+------+-------+----------+---------------------+
; rst  ; Input ; Info     ; Stuck at GND        ;
+------+-------+----------+---------------------+


+-----------------------------------------------------------------------------------------------------------------------+
; Port Connectivity Checks: "decoder3x8:DEC_Address"                                                                    ;
+-------------+--------+----------+-------------------------------------------------------------------------------------+
; Port        ; Type   ; Severity ; Details                                                                             ;
+-------------+--------+----------+-------------------------------------------------------------------------------------+
; saida[7..6] ; Output ; Info     ; Connected to dangling logic. Logic that only feeds a dangling port will be removed. ;
+-------------+--------+----------+-------------------------------------------------------------------------------------+


+-----------------------------------------------------------------------------------------------------------------------+
; Port Connectivity Checks: "decoder3x8:DEC_BLOCK"                                                                      ;
+-------------+--------+----------+-------------------------------------------------------------------------------------+
; Port        ; Type   ; Severity ; Details                                                                             ;
+-------------+--------+----------+-------------------------------------------------------------------------------------+
; saida[7..6] ; Output ; Info     ; Connected to dangling logic. Logic that only feeds a dangling port will be removed. ;
; saida[3..1] ; Output ; Info     ; Connected to dangling logic. Logic that only feeds a dangling port will be removed. ;
+-------------+--------+----------+-------------------------------------------------------------------------------------+


+-----------------------------------------------------------------------------------------------+
; Port Connectivity Checks: "divisorGenerico_e_Interface:DIVISOR_FF|FlipFlop:registraUmSegundo" ;
+--------+-------+----------+-------------------------------------------------------------------+
; Port   ; Type  ; Severity ; Details                                                           ;
+--------+-------+----------+-------------------------------------------------------------------+
; din    ; Input ; Info     ; Stuck at VCC                                                      ;
; enable ; Input ; Info     ; Stuck at VCC                                                      ;
+--------+-------+----------+-------------------------------------------------------------------+


+------------------------------------------------------------------------------------------------+
; Port Connectivity Checks: "divisorGenerico_e_Interface:DIVISOR_SEC|FlipFlop:registraUmSegundo" ;
+--------+-------+----------+--------------------------------------------------------------------+
; Port   ; Type  ; Severity ; Details                                                            ;
+--------+-------+----------+--------------------------------------------------------------------+
; din    ; Input ; Info     ; Stuck at VCC                                                       ;
; enable ; Input ; Info     ; Stuck at VCC                                                       ;
+--------+-------+----------+--------------------------------------------------------------------+


+---------------------------------------------------------------------+
; Port Connectivity Checks: "cpu:CPU|registradorGenerico:REG_RETORNO" ;
+------+-------+----------+-------------------------------------------+
; Port ; Type  ; Severity ; Details                                   ;
+------+-------+----------+-------------------------------------------+
; rst  ; Input ; Info     ; Stuck at GND                              ;
+------+-------+----------+-------------------------------------------+


+-------------------------------------------------------+
; Port Connectivity Checks: "cpu:CPU|FlipFlop:FlagZero" ;
+------+-------+----------+-----------------------------+
; Port ; Type  ; Severity ; Details                     ;
+------+-------+----------+-----------------------------+
; rst  ; Input ; Info     ; Stuck at GND                ;
+------+-------+----------+-----------------------------+


+--------------------------------------------------------------+
; Port Connectivity Checks: "cpu:CPU|muxGenerico4x1:MuxProxPC" ;
+--------------+-------+----------+----------------------------+
; Port         ; Type  ; Severity ; Details                    ;
+--------------+-------+----------+----------------------------+
; entrada3_mux ; Input ; Info     ; Stuck at GND               ;
+--------------+-------+----------+----------------------------+


+------------------------------------------------------------+
; Port Connectivity Checks: "cpu:CPU|registradorGenerico:PC" ;
+--------+-------+----------+--------------------------------+
; Port   ; Type  ; Severity ; Details                        ;
+--------+-------+----------+--------------------------------+
; enable ; Input ; Info     ; Stuck at VCC                   ;
; rst    ; Input ; Info     ; Stuck at GND                   ;
+--------+-------+----------+--------------------------------+


+----------------------------------------------------------------------------------------------------------------------------+
; Port Connectivity Checks: "cpu:CPU"                                                                                        ;
+------------------+--------+----------+-------------------------------------------------------------------------------------+
; Port             ; Type   ; Severity ; Details                                                                             ;
+------------------+--------+----------+-------------------------------------------------------------------------------------+
; palavra_controle ; Output ; Info     ; Connected to dangling logic. Logic that only feeds a dangling port will be removed. ;
+------------------+--------+----------+-------------------------------------------------------------------------------------+


+---------------------------------+
; Analysis & Elaboration Messages ;
+---------------------------------+
Info: *******************************************************************
Info: Running Quartus Prime Analysis & Elaboration
    Info: Version 20.1.0 Build 711 06/05/2020 SJ Lite Edition
    Info: Processing started: Thu Nov 09 11:34:06 2023
Info: Command: quartus_map --read_settings_files=on --write_settings_files=off toplevel -c toplevel --analysis_and_elaboration
Info (20030): Parallel compilation is enabled and will use 14 of the 14 processors detected
Info (12021): Found 2 design units, including 1 entities, in source file ulasomasub.vhd
    Info (12022): Found design unit 1: ULASomaSub-comportamento File: C:/Users/carol/Documents/Insper/6Semestre/Descomp/PROJETO1/Projeto1Descomp-main/Projeto1Descomp-main/relogio_restored/ULASomaSub.vhd Line: 15
    Info (12023): Found entity 1: ULASomaSub File: C:/Users/carol/Documents/Insper/6Semestre/Descomp/PROJETO1/Projeto1Descomp-main/Projeto1Descomp-main/relogio_restored/ULASomaSub.vhd Line: 5
Info (12021): Found 2 design units, including 1 entities, in source file toplevel.vhd
    Info (12022): Found design unit 1: toplevel-arquitetura File: C:/Users/carol/Documents/Insper/6Semestre/Descomp/PROJETO1/Projeto1Descomp-main/Projeto1Descomp-main/relogio_restored/toplevel.vhd Line: 32
    Info (12023): Found entity 1: toplevel File: C:/Users/carol/Documents/Insper/6Semestre/Descomp/PROJETO1/Projeto1Descomp-main/Projeto1Descomp-main/relogio_restored/toplevel.vhd Line: 4
Info (12021): Found 2 design units, including 1 entities, in source file somaconstante.vhd
    Info (12022): Found design unit 1: somaConstante-comportamento File: C:/Users/carol/Documents/Insper/6Semestre/Descomp/PROJETO1/Projeto1Descomp-main/Projeto1Descomp-main/relogio_restored/somaConstante.vhd Line: 18
    Info (12023): Found entity 1: somaConstante File: C:/Users/carol/Documents/Insper/6Semestre/Descomp/PROJETO1/Projeto1Descomp-main/Projeto1Descomp-main/relogio_restored/somaConstante.vhd Line: 5
Info (12021): Found 2 design units, including 1 entities, in source file registradorgenerico.vhd
    Info (12022): Found design unit 1: registradorGenerico-comportamento File: C:/Users/carol/Documents/Insper/6Semestre/Descomp/PROJETO1/Projeto1Descomp-main/Projeto1Descomp-main/relogio_restored/registradorGenerico.vhd Line: 15
    Info (12023): Found entity 1: registradorGenerico File: C:/Users/carol/Documents/Insper/6Semestre/Descomp/PROJETO1/Projeto1Descomp-main/Projeto1Descomp-main/relogio_restored/registradorGenerico.vhd Line: 4
Info (12021): Found 2 design units, including 1 entities, in source file muxgenerico4x1.vhd
    Info (12022): Found design unit 1: muxGenerico4x1-comportamento File: C:/Users/carol/Documents/Insper/6Semestre/Descomp/PROJETO1/Projeto1Descomp-main/Projeto1Descomp-main/relogio_restored/muxGenerico4x1.vhd Line: 16
    Info (12023): Found entity 1: muxGenerico4x1 File: C:/Users/carol/Documents/Insper/6Semestre/Descomp/PROJETO1/Projeto1Descomp-main/Projeto1Descomp-main/relogio_restored/muxGenerico4x1.vhd Line: 5
Info (12021): Found 2 design units, including 1 entities, in source file muxgenerico2x1.vhd
    Info (12022): Found design unit 1: muxGenerico2x1-comportamento File: C:/Users/carol/Documents/Insper/6Semestre/Descomp/PROJETO1/Projeto1Descomp-main/Projeto1Descomp-main/relogio_restored/muxGenerico2x1.vhd Line: 14
    Info (12023): Found entity 1: muxGenerico2x1 File: C:/Users/carol/Documents/Insper/6Semestre/Descomp/PROJETO1/Projeto1Descomp-main/Projeto1Descomp-main/relogio_restored/muxGenerico2x1.vhd Line: 4
Info (12021): Found 2 design units, including 1 entities, in source file memoriarom.vhd
    Info (12022): Found design unit 1: memoriaROM-assincrona File: C:/Users/carol/Documents/Insper/6Semestre/Descomp/PROJETO1/Projeto1Descomp-main/Projeto1Descomp-main/relogio_restored/memoriaROM.vhd Line: 16
    Info (12023): Found entity 1: memoriaROM File: C:/Users/carol/Documents/Insper/6Semestre/Descomp/PROJETO1/Projeto1Descomp-main/Projeto1Descomp-main/relogio_restored/memoriaROM.vhd Line: 5
Info (12021): Found 2 design units, including 1 entities, in source file memoriaram.vhd
    Info (12022): Found design unit 1: memoriaRAM-rtl File: C:/Users/carol/Documents/Insper/6Semestre/Descomp/PROJETO1/Projeto1Descomp-main/Projeto1Descomp-main/relogio_restored/memoriaRAM.vhd Line: 21
    Info (12023): Found entity 1: memoriaRAM File: C:/Users/carol/Documents/Insper/6Semestre/Descomp/PROJETO1/Projeto1Descomp-main/Projeto1Descomp-main/relogio_restored/memoriaRAM.vhd Line: 5
Info (12021): Found 2 design units, including 1 entities, in source file logicadesvio.vhd
    Info (12022): Found design unit 1: logicaDesvio-comportamento File: C:/Users/carol/Documents/Insper/6Semestre/Descomp/PROJETO1/Projeto1Descomp-main/Projeto1Descomp-main/relogio_restored/logicaDesvio.vhd Line: 14
    Info (12023): Found entity 1: logicaDesvio File: C:/Users/carol/Documents/Insper/6Semestre/Descomp/PROJETO1/Projeto1Descomp-main/Projeto1Descomp-main/relogio_restored/logicaDesvio.vhd Line: 4
Info (12021): Found 2 design units, including 1 entities, in source file flipflop.vhd
    Info (12022): Found design unit 1: FlipFlop-comportamento File: C:/Users/carol/Documents/Insper/6Semestre/Descomp/PROJETO1/Projeto1Descomp-main/Projeto1Descomp-main/relogio_restored/FlipFlop.vhd Line: 12
    Info (12023): Found entity 1: FlipFlop File: C:/Users/carol/Documents/Insper/6Semestre/Descomp/PROJETO1/Projeto1Descomp-main/Projeto1Descomp-main/relogio_restored/FlipFlop.vhd Line: 4
Info (12021): Found 3 design units, including 1 entities, in source file edgedetector.vhd
    Info (12022): Found design unit 1: edgeDetector-bordaSubida File: C:/Users/carol/Documents/Insper/6Semestre/Descomp/PROJETO1/Projeto1Descomp-main/Projeto1Descomp-main/relogio_restored/edgeDetector.vhd Line: 10
    Info (12022): Found design unit 2: edgeDetector-bordaDescida File: C:/Users/carol/Documents/Insper/6Semestre/Descomp/PROJETO1/Projeto1Descomp-main/Projeto1Descomp-main/relogio_restored/edgeDetector.vhd Line: 23
    Info (12023): Found entity 1: edgeDetector File: C:/Users/carol/Documents/Insper/6Semestre/Descomp/PROJETO1/Projeto1Descomp-main/Projeto1Descomp-main/relogio_restored/edgeDetector.vhd Line: 4
Info (12021): Found 2 design units, including 1 entities, in source file decoderinstru.vhd
    Info (12022): Found design unit 1: decoderInstru-comportamento File: C:/Users/carol/Documents/Insper/6Semestre/Descomp/PROJETO1/Projeto1Descomp-main/Projeto1Descomp-main/relogio_restored/decoderInstru.vhd Line: 10
    Info (12023): Found entity 1: decoderInstru File: C:/Users/carol/Documents/Insper/6Semestre/Descomp/PROJETO1/Projeto1Descomp-main/Projeto1Descomp-main/relogio_restored/decoderInstru.vhd Line: 4
Info (12021): Found 2 design units, including 1 entities, in source file decoder3x8.vhd
    Info (12022): Found design unit 1: decoder3x8-comportamento File: C:/Users/carol/Documents/Insper/6Semestre/Descomp/PROJETO1/Projeto1Descomp-main/Projeto1Descomp-main/relogio_restored/decoder3x8.vhd Line: 10
    Info (12023): Found entity 1: decoder3x8 File: C:/Users/carol/Documents/Insper/6Semestre/Descomp/PROJETO1/Projeto1Descomp-main/Projeto1Descomp-main/relogio_restored/decoder3x8.vhd Line: 4
Info (12021): Found 2 design units, including 1 entities, in source file cpu.vhd
    Info (12022): Found design unit 1: cpu-arquitetura File: C:/Users/carol/Documents/Insper/6Semestre/Descomp/PROJETO1/Projeto1Descomp-main/Projeto1Descomp-main/relogio_restored/cpu.vhd Line: 26
    Info (12023): Found entity 1: cpu File: C:/Users/carol/Documents/Insper/6Semestre/Descomp/PROJETO1/Projeto1Descomp-main/Projeto1Descomp-main/relogio_restored/cpu.vhd Line: 4
Info (12021): Found 2 design units, including 1 entities, in source file conversorhex7seg.vhd
    Info (12022): Found design unit 1: conversorHex7Seg-comportamento File: C:/Users/carol/Documents/Insper/6Semestre/Descomp/PROJETO1/Projeto1Descomp-main/Projeto1Descomp-main/relogio_restored/conversorHex7Seg.vhd Line: 17
    Info (12023): Found entity 1: conversorHex7Seg File: C:/Users/carol/Documents/Insper/6Semestre/Descomp/PROJETO1/Projeto1Descomp-main/Projeto1Descomp-main/relogio_restored/conversorHex7Seg.vhd Line: 4
Info (12021): Found 2 design units, including 1 entities, in source file buffer_3_state_8portas.vhd
    Info (12022): Found design unit 1: buffer_3_state_8portas-comportamento File: C:/Users/carol/Documents/Insper/6Semestre/Descomp/PROJETO1/Projeto1Descomp-main/Projeto1Descomp-main/relogio_restored/buffer_3_state_8portas.vhd Line: 12
    Info (12023): Found entity 1: buffer_3_state_8portas File: C:/Users/carol/Documents/Insper/6Semestre/Descomp/PROJETO1/Projeto1Descomp-main/Projeto1Descomp-main/relogio_restored/buffer_3_state_8portas.vhd Line: 5
Info (12021): Found 2 design units, including 1 entities, in source file buffer_3_state_1porta.vhd
    Info (12022): Found design unit 1: buffer_3_state_1porta-comportamento File: C:/Users/carol/Documents/Insper/6Semestre/Descomp/PROJETO1/Projeto1Descomp-main/Projeto1Descomp-main/relogio_restored/buffer_3_state_1porta.vhd Line: 11
    Info (12023): Found entity 1: buffer_3_state_1porta File: C:/Users/carol/Documents/Insper/6Semestre/Descomp/PROJETO1/Projeto1Descomp-main/Projeto1Descomp-main/relogio_restored/buffer_3_state_1porta.vhd Line: 4
Info (12021): Found 2 design units, including 1 entities, in source file bancoregistradoresarqregmem.vhd
    Info (12022): Found design unit 1: bancoRegistradoresArqRegMem-comportamento File: C:/Users/carol/Documents/Insper/6Semestre/Descomp/PROJETO1/Projeto1Descomp-main/Projeto1Descomp-main/relogio_restored/bancoRegistradoresArqRegMem.vhd Line: 23
    Info (12023): Found entity 1: bancoRegistradoresArqRegMem File: C:/Users/carol/Documents/Insper/6Semestre/Descomp/PROJETO1/Projeto1Descomp-main/Projeto1Descomp-main/relogio_restored/bancoRegistradoresArqRegMem.vhd Line: 5
Info (12021): Found 2 design units, including 1 entities, in source file divisorgenerico.vhd
    Info (12022): Found design unit 1: divisorGenerico-divInteiro File: C:/Users/carol/Documents/Insper/6Semestre/Descomp/PROJETO1/Projeto1Descomp-main/Projeto1Descomp-main/relogio_restored/divisorGenerico.vhd Line: 15
    Info (12023): Found entity 1: divisorGenerico File: C:/Users/carol/Documents/Insper/6Semestre/Descomp/PROJETO1/Projeto1Descomp-main/Projeto1Descomp-main/relogio_restored/divisorGenerico.vhd Line: 5
Info (12021): Found 2 design units, including 1 entities, in source file divisorgenerico_e_interface.vhd
    Info (12022): Found design unit 1: divisorGenerico_e_Interface-interface File: C:/Users/carol/Documents/Insper/6Semestre/Descomp/PROJETO1/Projeto1Descomp-main/Projeto1Descomp-main/relogio_restored/divisorGenerico_e_Interface.vhd Line: 15
    Info (12023): Found entity 1: divisorGenerico_e_Interface File: C:/Users/carol/Documents/Insper/6Semestre/Descomp/PROJETO1/Projeto1Descomp-main/Projeto1Descomp-main/relogio_restored/divisorGenerico_e_Interface.vhd Line: 5
Info (12021): Found 2 design units, including 1 entities, in source file muxgenerico2x1onebit.vhd
    Info (12022): Found design unit 1: muxGenerico2x1OneBit-comportamento File: C:/Users/carol/Documents/Insper/6Semestre/Descomp/PROJETO1/Projeto1Descomp-main/Projeto1Descomp-main/relogio_restored/muxGenerico2x1OneBit.vhd Line: 14
    Info (12023): Found entity 1: muxGenerico2x1OneBit File: C:/Users/carol/Documents/Insper/6Semestre/Descomp/PROJETO1/Projeto1Descomp-main/Projeto1Descomp-main/relogio_restored/muxGenerico2x1OneBit.vhd Line: 4
Info (12127): Elaborating entity "toplevel" for the top level hierarchy
Warning (10541): VHDL Signal Declaration warning at toplevel.vhd(25): used implicit default value for signal "entrada" because signal was never assigned a value or an explicit default value. Use of implicit default value may introduce unintended design optimizations. File: C:/Users/carol/Documents/Insper/6Semestre/Descomp/PROJETO1/Projeto1Descomp-main/Projeto1Descomp-main/relogio_restored/toplevel.vhd Line: 25
Warning (10541): VHDL Signal Declaration warning at toplevel.vhd(26): used implicit default value for signal "saida" because signal was never assigned a value or an explicit default value. Use of implicit default value may introduce unintended design optimizations. File: C:/Users/carol/Documents/Insper/6Semestre/Descomp/PROJETO1/Projeto1Descomp-main/Projeto1Descomp-main/relogio_restored/toplevel.vhd Line: 26
Warning (10036): Verilog HDL or VHDL warning at toplevel.vhd(55): object "switch_8" assigned a value but never read File: C:/Users/carol/Documents/Insper/6Semestre/Descomp/PROJETO1/Projeto1Descomp-main/Projeto1Descomp-main/relogio_restored/toplevel.vhd Line: 55
Warning (10036): Verilog HDL or VHDL warning at toplevel.vhd(66): object "palavra_controle" assigned a value but never read File: C:/Users/carol/Documents/Insper/6Semestre/Descomp/PROJETO1/Projeto1Descomp-main/Projeto1Descomp-main/relogio_restored/toplevel.vhd Line: 66
Info (12128): Elaborating entity "cpu" for hierarchy "cpu:CPU" File: C:/Users/carol/Documents/Insper/6Semestre/Descomp/PROJETO1/Projeto1Descomp-main/Projeto1Descomp-main/relogio_restored/toplevel.vhd Line: 74
Warning (10036): Verilog HDL or VHDL warning at cpu.vhd(39): object "Reset_A" assigned a value but never read File: C:/Users/carol/Documents/Insper/6Semestre/Descomp/PROJETO1/Projeto1Descomp-main/Projeto1Descomp-main/relogio_restored/cpu.vhd Line: 39
Info (12128): Elaborating entity "muxGenerico2x1" for hierarchy "cpu:CPU|muxGenerico2x1:MUX1_ULA" File: C:/Users/carol/Documents/Insper/6Semestre/Descomp/PROJETO1/Projeto1Descomp-main/Projeto1Descomp-main/relogio_restored/cpu.vhd Line: 50
Info (12128): Elaborating entity "bancoRegistradoresArqRegMem" for hierarchy "cpu:CPU|bancoRegistradoresArqRegMem:REG_BANK" File: C:/Users/carol/Documents/Insper/6Semestre/Descomp/PROJETO1/Projeto1Descomp-main/Projeto1Descomp-main/relogio_restored/cpu.vhd Line: 59
Info (12128): Elaborating entity "registradorGenerico" for hierarchy "cpu:CPU|registradorGenerico:PC" File: C:/Users/carol/Documents/Insper/6Semestre/Descomp/PROJETO1/Projeto1Descomp-main/Projeto1Descomp-main/relogio_restored/cpu.vhd Line: 69
Info (12128): Elaborating entity "somaConstante" for hierarchy "cpu:CPU|somaConstante:incrementaPC" File: C:/Users/carol/Documents/Insper/6Semestre/Descomp/PROJETO1/Projeto1Descomp-main/Projeto1Descomp-main/relogio_restored/cpu.vhd Line: 72
Info (12128): Elaborating entity "ULASomaSub" for hierarchy "cpu:CPU|ULASomaSub:ULA1" File: C:/Users/carol/Documents/Insper/6Semestre/Descomp/PROJETO1/Projeto1Descomp-main/Projeto1Descomp-main/relogio_restored/cpu.vhd Line: 77
Info (12128): Elaborating entity "decoderInstru" for hierarchy "cpu:CPU|decoderInstru:DEC_Instruction_IN" File: C:/Users/carol/Documents/Insper/6Semestre/Descomp/PROJETO1/Projeto1Descomp-main/Projeto1Descomp-main/relogio_restored/cpu.vhd Line: 81
Info (12128): Elaborating entity "muxGenerico4x1" for hierarchy "cpu:CPU|muxGenerico4x1:MuxProxPC" File: C:/Users/carol/Documents/Insper/6Semestre/Descomp/PROJETO1/Projeto1Descomp-main/Projeto1Descomp-main/relogio_restored/cpu.vhd Line: 85
Info (12128): Elaborating entity "FlipFlop" for hierarchy "cpu:CPU|FlipFlop:FlagZero" File: C:/Users/carol/Documents/Insper/6Semestre/Descomp/PROJETO1/Projeto1Descomp-main/Projeto1Descomp-main/relogio_restored/cpu.vhd Line: 93
Info (12128): Elaborating entity "logicaDesvio" for hierarchy "cpu:CPU|logicaDesvio:LogicaDesvio1" File: C:/Users/carol/Documents/Insper/6Semestre/Descomp/PROJETO1/Projeto1Descomp-main/Projeto1Descomp-main/relogio_restored/cpu.vhd Line: 96
Info (12128): Elaborating entity "divisorGenerico_e_Interface" for hierarchy "divisorGenerico_e_Interface:DIVISOR_SEC" File: C:/Users/carol/Documents/Insper/6Semestre/Descomp/PROJETO1/Projeto1Descomp-main/Projeto1Descomp-main/relogio_restored/toplevel.vhd Line: 78
Info (12128): Elaborating entity "divisorGenerico" for hierarchy "divisorGenerico_e_Interface:DIVISOR_SEC|divisorGenerico:baseTempo" File: C:/Users/carol/Documents/Insper/6Semestre/Descomp/PROJETO1/Projeto1Descomp-main/Projeto1Descomp-main/relogio_restored/divisorGenerico_e_Interface.vhd Line: 20
Info (12128): Elaborating entity "divisorGenerico_e_Interface" for hierarchy "divisorGenerico_e_Interface:DIVISOR_FF" File: C:/Users/carol/Documents/Insper/6Semestre/Descomp/PROJETO1/Projeto1Descomp-main/Projeto1Descomp-main/relogio_restored/toplevel.vhd Line: 93
Info (12128): Elaborating entity "divisorGenerico" for hierarchy "divisorGenerico_e_Interface:DIVISOR_FF|divisorGenerico:baseTempo" File: C:/Users/carol/Documents/Insper/6Semestre/Descomp/PROJETO1/Projeto1Descomp-main/Projeto1Descomp-main/relogio_restored/divisorGenerico_e_Interface.vhd Line: 20
Info (12128): Elaborating entity "muxGenerico2x1OneBit" for hierarchy "muxGenerico2x1OneBit:MUX_DIVISOR" File: C:/Users/carol/Documents/Insper/6Semestre/Descomp/PROJETO1/Projeto1Descomp-main/Projeto1Descomp-main/relogio_restored/toplevel.vhd Line: 108
Info (12128): Elaborating entity "buffer_3_state_1porta" for hierarchy "buffer_3_state_1porta:Buff_MUXD" File: C:/Users/carol/Documents/Insper/6Semestre/Descomp/PROJETO1/Projeto1Descomp-main/Projeto1Descomp-main/relogio_restored/toplevel.vhd Line: 116
Info (12128): Elaborating entity "memoriaROM" for hierarchy "memoriaROM:ROM1" File: C:/Users/carol/Documents/Insper/6Semestre/Descomp/PROJETO1/Projeto1Descomp-main/Projeto1Descomp-main/relogio_restored/toplevel.vhd Line: 122
Info (12128): Elaborating entity "memoriaRAM" for hierarchy "memoriaRAM:RAM1" File: C:/Users/carol/Documents/Insper/6Semestre/Descomp/PROJETO1/Projeto1Descomp-main/Projeto1Descomp-main/relogio_restored/toplevel.vhd Line: 126
Info (12128): Elaborating entity "decoder3x8" for hierarchy "decoder3x8:DEC_BLOCK" File: C:/Users/carol/Documents/Insper/6Semestre/Descomp/PROJETO1/Projeto1Descomp-main/Projeto1Descomp-main/relogio_restored/toplevel.vhd Line: 132
Info (12128): Elaborating entity "registradorGenerico" for hierarchy "registradorGenerico:REG_LEDR7downto0" File: C:/Users/carol/Documents/Insper/6Semestre/Descomp/PROJETO1/Projeto1Descomp-main/Projeto1Descomp-main/relogio_restored/toplevel.vhd Line: 152
Info (12128): Elaborating entity "registradorGenerico" for hierarchy "registradorGenerico:REG_H0" File: C:/Users/carol/Documents/Insper/6Semestre/Descomp/PROJETO1/Projeto1Descomp-main/Projeto1Descomp-main/relogio_restored/toplevel.vhd Line: 157
Info (12128): Elaborating entity "conversorHex7Seg" for hierarchy "conversorHex7Seg:DEC_H0" File: C:/Users/carol/Documents/Insper/6Semestre/Descomp/PROJETO1/Projeto1Descomp-main/Projeto1Descomp-main/relogio_restored/toplevel.vhd Line: 161
Info (12128): Elaborating entity "buffer_3_state_8portas" for hierarchy "buffer_3_state_8portas:Buff_SW7downto0" File: C:/Users/carol/Documents/Insper/6Semestre/Descomp/PROJETO1/Projeto1Descomp-main/Projeto1Descomp-main/relogio_restored/toplevel.vhd Line: 223
Info (12128): Elaborating entity "edgeDetector" for hierarchy "edgeDetector:ED0" File: C:/Users/carol/Documents/Insper/6Semestre/Descomp/PROJETO1/Projeto1Descomp-main/Projeto1Descomp-main/relogio_restored/toplevel.vhd Line: 337
Info: Quartus Prime Analysis & Elaboration was successful. 0 errors, 5 warnings
    Info: Peak virtual memory: 4850 megabytes
    Info: Processing ended: Thu Nov 09 11:34:13 2023
    Info: Elapsed time: 00:00:07
    Info: Total CPU time (on all processors): 00:00:06


